LOG ALERTE CORAIL IMPORT
addAlerteCorailByFile:1479072080
addAlerteCorailByFile:7903006101
addAlerteCorailByFile:7903011385
addAlerteCorailByFile:7903011449
addAlerteCorailByFile:7903011474
addAlerteCorailByFile:7903011475
addAlerteCorailByFile:7903042053
addAlerteCorailByFile:7903042062
addAlerteCorailByFile:7903043003
addAlerteCorailByFile:7903085043
addAlerteCorailByFile:7903233025
addAlerteCorailByFile:7903233029
addAlerteCorailByFile:7903233044
addAlerteCorailByFile:7903301112
addAlerteCorailByFile:7903301130
addAlerteCorailByFile:7903301281
addAlerteCorailByFile:7903301532
addAlerteCorailByFile:7903602014
addAlerteCorailByFile:7903602025
addAlerteCorailByFile:7903602032
addAlerteCorailByFile:7920025012
addAlerteCorailByFile:9251956680
addAlerteCorailByFile:9460136680
addAlerteCorailByFile:9603816480
addAlerteCorailByFile:9614184280
addAlerteCorailByFile:9623155680
addAlerteCorailByFile:9633355780
addAlerteCorailByFile:9634687080
addAlerteCorailByFile:9638426480
addAlerteCorailByFile:96384805XT
addAlerteCorailByFile:9639912980
addAlerteCorailByFile:9640621580
addAlerteCorailByFile:9640968080
addAlerteCorailByFile:9643774180
addAlerteCorailByFile:9644333380
addAlerteCorailByFile:9644996980
addAlerteCorailByFile:9646825680
addAlerteCorailByFile:9647021680
addAlerteCorailByFile:9648042080
addAlerteCorailByFile:9649311580
addAlerteCorailByFile:9651817180
addAlerteCorailByFile:9654819580
addAlerteCorailByFile:9655184680
addAlerteCorailByFile:96561744GW
addAlerteCorailByFile:9656866580
addAlerteCorailByFile:9657189180
addAlerteCorailByFile:9659805980
addAlerteCorailByFile:9660492080
addAlerteCorailByFile:9662391880
addAlerteCorailByFile:9662551480
addAlerteCorailByFile:9662661780
addAlerteCorailByFile:9662955980
addAlerteCorailByFile:9663655880
addAlerteCorailByFile:9664992680
addAlerteCorailByFile:9665356480
addAlerteCorailByFile:9670033580
addAlerteCorailByFile:96704241XT
addAlerteCorailByFile:9671588080
addAlerteCorailByFile:9672542580
addAlerteCorailByFile:96731219ZE
addAlerteCorailByFile:9673270680
addAlerteCorailByFile:9673546580
addAlerteCorailByFile:96735541BK
addAlerteCorailByFile:9674066480
addAlerteCorailByFile:9674149280
addAlerteCorailByFile:9675218280
addAlerteCorailByFile:9675218380
addAlerteCorailByFile:9675218680
addAlerteCorailByFile:9675218880
addAlerteCorailByFile:9675218980
addAlerteCorailByFile:9675289880
addAlerteCorailByFile:96754328FC
addAlerteCorailByFile:96754331FC
addAlerteCorailByFile:9675660680
addAlerteCorailByFile:9676611480
addAlerteCorailByFile:9677276880
addAlerteCorailByFile:9677422280
addAlerteCorailByFile:9677422680
addAlerteCorailByFile:9677711080
addAlerteCorailByFile:9677774280
addAlerteCorailByFile:9677774380
addAlerteCorailByFile:9678144980
addAlerteCorailByFile:9681706980
addAlerteCorailByFile:96819443BJ
addAlerteCorailByFile:96819444BJ
addAlerteCorailByFile:9682229480
addAlerteCorailByFile:9682770180
addAlerteCorailByFile:9683212080
addAlerteCorailByFile:9683420780
addAlerteCorailByFile:9683488180
addAlerteCorailByFile:9683913980
addAlerteCorailByFile:9683980180
addAlerteCorailByFile:9684031380
addAlerteCorailByFile:9684190180
addAlerteCorailByFile:9684541280
addAlerteCorailByFile:9685067680
addAlerteCorailByFile:9685979680
addAlerteCorailByFile:9686046080
addAlerteCorailByFile:9686046180
addAlerteCorailByFile:96864425ZE
addAlerteCorailByFile:9686495280
addAlerteCorailByFile:96869247ZD
addAlerteCorailByFile:9687183480
addAlerteCorailByFile:9687218280
addAlerteCorailByFile:9687223680
addAlerteCorailByFile:96872967XT
addAlerteCorailByFile:9687386880
addAlerteCorailByFile:9687459480
addAlerteCorailByFile:9687603180
addAlerteCorailByFile:9688113780
addAlerteCorailByFile:968822991S
addAlerteCorailByFile:968823001S
addAlerteCorailByFile:9688465880
addAlerteCorailByFile:9801038680
addAlerteCorailByFile:9801039280
addAlerteCorailByFile:9801468980
addAlerteCorailByFile:9801469080
addAlerteCorailByFile:98022620XT
addAlerteCorailByFile:9802763880
addAlerteCorailByFile:98027680XT
addAlerteCorailByFile:98029301GW
addAlerteCorailByFile:9802985280
addAlerteCorailByFile:98030608ZE
addAlerteCorailByFile:9803442580
addAlerteCorailByFile:9804333880
addAlerteCorailByFile:9805086480
addAlerteCorailByFile:98053042ZD
addAlerteCorailByFile:9807242980
addAlerteCorailByFile:9807709080
addAlerteCorailByFile:98083140EH
addAlerteCorailByFile:98083140K2
addAlerteCorailByFile:980831439P
addAlerteCorailByFile:98083143EH
addAlerteCorailByFile:98083143K2
addAlerteCorailByFile:98083143N9
addAlerteCorailByFile:98083143T4
addAlerteCorailByFile:98083143WP
addAlerteCorailByFile:9808515080
addAlerteCorailByFile:98091749ZD
addAlerteCorailByFile:9809478580
addAlerteCorailByFile:9810493180
addAlerteCorailByFile:9811199080
addAlerteCorailByFile:9811787380
addAlerteCorailByFile:9812189980
addAlerteCorailByFile:9813825280
addAlerteCorailByFile:9814196780
addAlerteCorailByFile:9814196880
addAlerteCorailByFile:9814766980
addAlerteCorailByFile:T532544503
addAlerteCorailByFile:T803724021
addAlerteCorailByFile:T803724022
addAlerteCorailByFile:T803740151
addAlerteCorailByFile:T845201661
addAlerteCorailByFile:V760348480
addAlerteCorailByFile:Z0A0003281
addAlerteCorailByFile:Z0A0008134
addAlerteCorailByFile:Z0A0018682
addAlerteCorailByFile:Z0A0019572
addAlerteCorailByFile:Z0A0019601
addAlerteCorailByFile:Z0A0022412
addAlerteCorailByFile:Z0A0026679
addAlerteCorailByFile:Z0A0026819