LOG ALERTE MAESTRO IMPORT
addAlerteMaestroByFile:9802910880
addAlerteMaestroByFile:9640968080
addAlerteMaestroByFile:9644996980
addAlerteMaestroByFile:9816218380
addAlerteMaestroByFile:9816218580
addAlerteMaestroByFile:9813825280
addAlerteMaestroByFile:9811883680
addAlerteMaestroByFile:9814740480
addAlerteMaestroByFile:9816283780
addAlerteMaestroByFile:9816283580
addAlerteMaestroByFile:9816233680
addAlerteMaestroByFile:9816283880
addAlerteMaestroByFile:9677315280
addAlerteMaestroByFile:9677717680
addAlerteMaestroByFile:9804849480
addAlerteMaestroByFile:9805688380
addAlerteMaestroByFile:9811509180
addAlerteMaestroByFile:9811509680
addAlerteMaestroByFile:9811510180
addAlerteMaestroByFile:9811510280
addAlerteMaestroByFile:9811510380
addAlerteMaestroByFile:9816218480
addAlerteMaestroByFile:T803724022
addAlerteMaestroByFile:T845201661
addAlerteMaestroByFile:Z000241037
addAlerteMaestroByFile:Z000495429
addAlerteMaestroByFile:Z0A0006750
addAlerteMaestroByFile:Z0A0025684
addAlerteMaestroByFile:98027680XT
addAlerteMaestroByFile:9804833280
addAlerteMaestroByFile:968822991S
addAlerteMaestroByFile:968823001S
addAlerteMaestroByFile:9814766980
addAlerteMaestroByFile:9815523280
addAlerteMaestroByFile:9460136680
addAlerteMaestroByFile:T803740151
addAlerteMaestroByFile:Z0A0003281
addAlerteMaestroByFile:Z0A0018682