LOG MVTCRL MAESTRO IMPORT
addMvtcrlMaestroByFile:LE002492
addMvtcrlMaestroByFile:90011459
addMvtcrlMaestroByFile:90011460
addMvtcrlMaestroByFile:504090
addMvtcrlMaestroByFile:50417345
addMvtcrlMaestroByFile:82248941
addMvtcrlMaestroByFile:10003064
addMvtcrlMaestroByFile:LE002465
addMvtcrlMaestroByFile:0621367533
addMvtcrlMaestroByFile:504089
addMvtcrlMaestroByFile:504088
addMvtcrlMaestroByFile:83339505
addMvtcrlMaestroByFile:83339504
addMvtcrlMaestroByFile:504087
addMvtcrlMaestroByFile:46400709
addMvtcrlMaestroByFile:83655987
addMvtcrlMaestroByFile:532327
addMvtcrlMaestroByFile:83412836
addMvtcrlMaestroByFile:66673740
addMvtcrlMaestroByFile:15003185
addMvtcrlMaestroByFile:TRI002089
addMvtcrlMaestroByFile:AL3564
addMvtcrlMaestroByFile:10500422
addMvtcrlMaestroByFile:70056037
addMvtcrlMaestroByFile:8040615730
addMvtcrlMaestroByFile:LIN000567
addMvtcrlMaestroByFile:70056038
addMvtcrlMaestroByFile:51293
addMvtcrlMaestroByFile:48636
addMvtcrlMaestroByFile:5224309321
addMvtcrlMaestroByFile:43778161
addMvtcrlMaestroByFile:87831
addMvtcrlMaestroByFile:80483582
addMvtcrlMaestroByFile:89171561
addMvtcrlMaestroByFile:89171477
addMvtcrlMaestroByFile:207598
addMvtcrlMaestroByFile:81025529
addMvtcrlMaestroByFile:606925
addMvtcrlMaestroByFile:745761
addMvtcrlMaestroByFile:374301
addMvtcrlMaestroByFile:8160289058
addMvtcrlMaestroByFile:3467266
addMvtcrlMaestroByFile:3467259
addMvtcrlMaestroByFile:46396279
addMvtcrlMaestroByFile:11535416
addMvtcrlMaestroByFile:80075133
addMvtcrlMaestroByFile:83412407
addMvtcrlMaestroByFile:2547267
addMvtcrlMaestroByFile:88682399
addMvtcrlMaestroByFile:81059821
addMvtcrlMaestroByFile:84768518
addMvtcrlMaestroByFile:8120245210
addMvtcrlMaestroByFile:520627
addMvtcrlMaestroByFile:1
addMvtcrlMaestroByFile:8120245211
addMvtcrlMaestroByFile:688024
addMvtcrlMaestroByFile:51274
addMvtcrlMaestroByFile:80635204
addMvtcrlMaestroByFile:276
addMvtcrlMaestroByFile:NPW
addMvtcrlMaestroByFile:87831
addMvtcrlMaestroByFile:28097
addMvtcrlMaestroByFile:33207320
addMvtcrlMaestroByFile:6015270
addMvtcrlMaestroByFile:6015268
addMvtcrlMaestroByFile:360
addMvtcrlMaestroByFile:2030346861
addMvtcrlMaestroByFile:51775832
addMvtcrlMaestroByFile:9398987
addMvtcrlMaestroByFile:88715519